<?xml version="1.0" encoding="UTF-8"?>
<testsuites name="TS1" time="7.257" tests="1" failures="0" errors="0">
   <testsuite name="TS1" tests="1" failures="0" errors="0" time="7.257" skipped="0" timestamp="10-07-2024T12:49:17" hostname="DELL - DESKTOP-0UKJOF1.home" id="Test Suites/TS1">
      <properties>
         <property name="deviceName" value=""/>
         <property name="devicePlatform"/>
         <property name="logFolder" value="C:\\Users\\DELL\\git\\Katalon-Tool-for-Automated-Testing\\Reports\\20240710_124914\\TS1\\20240710_124914"/>
         <property name="logFiles" value="C:\\Users\\DELL\\git\\Katalon-Tool-for-Automated-Testing\\Reports\\20240710_124914\\TS1\\20240710_124914\\execution0.log"/>
         <property name="attachments" value=""/>
         <property name="hostName" value="DELL - DESKTOP-0UKJOF1.home"/>
         <property name="os" value="Windows 10 64bit"/>
         <property name="katalonVersion" value="9.6.0.217"/>
         <property name="browser" value="Chrome 121.0.0.0"/>
         <property name="hostAddress" value="192.168.1.31"/>
         <property name="sessionId" value="389c867649e78c7ee53883373fd31455"/>
         <property name="seleniumVersion" value="3.141.59"/>
         <property name="proxyInformation" value="ProxyInformation { proxyOption=NO_PROXY, proxyServerType=HTTP, username=, password=********, proxyServerAddress=, proxyServerPort=0, executionList=&quot;&quot;, isApplyToDesiredCapabilities=true }"/>
         <property name="platform" value="Windows 10"/>
      </properties>
      <testcase name="Test Cases/Opening The Dashboard/OpenDashboard" time="7.089" classname="Test Cases/Opening The Dashboard/OpenDashboard" status="PASSED">
         <system-out><![CDATA[10-07-2024T12:49:17 - [TEST_CASE][PASSED] - Test Cases/Opening The Dashboard/OpenDashboard: Test Cases/Opening The Dashboard/OpenDashboard

10-07-2024T12:49:18 - [TEST_STEP][PASSED] - openBrowser(WebSiteURL): Browser is opened with url: 'http://www.automationpractice.pl/index.php'

10-07-2024T12:49:18 - [MESSAGE][INFO] - Starting 'Chrome' driver

10-07-2024T12:49:18 - [MESSAGE][INFO] - Action delay is set to 0 milliseconds

10-07-2024T12:49:24 - [MESSAGE][PASSED] - Browser is opened with url: 'http://www.automationpractice.pl/index.php']]></system-out>
         <system-err><![CDATA[]]></system-err>
      </testcase>
      <system-out><![CDATA[10-07-2024T12:49:17 - [TEST_SUITE][PASSED] - TS1: Test Cases/Opening The Dashboard/OpenDashboard]]></system-out>
      <system-err><![CDATA[]]></system-err>
   </testsuite>
</testsuites>
